<?xml version="1.0" encoding="UTF-8"?>
<!-- Generated by org.testng.reporters.JUnitReportReporter -->
<testsuite hostname="DESKTOP-SK910QI" failures="0" tests="1" name="seleniumGrid.grid.test3" time="72.376" errors="0" timestamp="2022-05-15T22:44:35 IST" skipped="0">
  <testcase classname="seleniumGrid.grid.test3" name="test1" time="72.376"/>
  <system-out/>
</testsuite> <!-- seleniumGrid.grid.test3 -->
