<?xml version="1.0" encoding="UTF-8"?>
<!-- Generated by org.testng.reporters.JUnitReportReporter -->
<testsuite hostname="DESKTOP-SK910QI" failures="0" tests="1" name="seleniumGrid.grid.test1" time="11.335" errors="0" timestamp="2022-05-15T22:44:35 IST" skipped="0">
  <testcase classname="seleniumGrid.grid.test1" name="test1" time="11.335"/>
  <system-out/>
</testsuite> <!-- seleniumGrid.grid.test1 -->
