<?xml version="1.0" encoding="UTF-8"?>
<!-- Generated by org.testng.reporters.JUnitReportReporter -->
<testsuite hostname="DESKTOP-SK910QI" failures="0" tests="1" name="remoteTesting.dockerValidation.startDocker" time="32.197" errors="0" timestamp="2022-05-11T20:08:31 IST" skipped="0">
  <testcase classname="remoteTesting.dockerValidation.startDocker" name="startFile" time="32.197"/>
  <system-out/>
</testsuite> <!-- remoteTesting.dockerValidation.startDocker -->
