<?xml version="1.0" encoding="UTF-8"?>
<!-- Generated by org.testng.reporters.JUnitReportReporter -->
<testsuite hostname="DESKTOP-SK910QI" failures="0" tests="1" name="remoteTesting.dockerValidation.chromeTest2" time="11.261" errors="0" timestamp="2022-05-15T21:06:12 IST" skipped="0">
  <testcase classname="remoteTesting.dockerValidation.chromeTest2" name="test2" time="11.261"/>
  <system-out/>
</testsuite> <!-- remoteTesting.dockerValidation.chromeTest2 -->
