<?xml version="1.0" encoding="UTF-8"?>
<!-- Generated by org.testng.reporters.JUnitReportReporter -->
<testsuite hostname="DESKTOP-SK910QI" failures="0" tests="1" name="remoteTesting.dockerValidation.stopDocker" time="8.140" errors="0" timestamp="2022-05-15T20:54:26 IST" skipped="0">
  <testcase classname="remoteTesting.dockerValidation.stopDocker" name="stopFile" time="8.140"/>
  <system-out/>
</testsuite> <!-- remoteTesting.dockerValidation.stopDocker -->
