<?xml version="1.0" encoding="UTF-8"?>
<!-- Generated by org.testng.reporters.JUnitReportReporter -->
<testsuite hostname="DESKTOP-SK910QI" failures="0" tests="3" name="dataDriven.excelDataProvider.dataProvider" time="0.019" errors="0" timestamp="2022-04-13T11:25:53 IST" skipped="0">
  <testcase classname="dataDriven.excelDataProvider.dataProvider" name="testCaseData" time="0.003"/>
  <system-out/>
  <testcase classname="dataDriven.excelDataProvider.dataProvider" name="testCaseData" time="0.011"/>
  <system-out/>
  <testcase classname="dataDriven.excelDataProvider.dataProvider" name="testCaseData" time="0.005"/>
  <system-out/>
</testsuite> <!-- dataDriven.excelDataProvider.dataProvider -->
