<?xml version="1.0" encoding="UTF-8"?>
<!-- Generated by org.testng.reporters.JUnitReportReporter -->
<testsuite hostname="DESKTOP-SK910QI" failures="0" tests="1" name="test1" time="0.013" errors="0" timestamp="2022-04-15T09:34:29 IST" skipped="0">
  <testcase classname="test1" name="streamCollect" time="0.013"/>
  <system-out/>
</testsuite> <!-- test1 -->
